<?xml version="1.0" encoding="UTF-8"?>
<!-- Generated by org.testng.reporters.JUnitXMLReporter -->
<testsuite hostname="LAPTOP-DL44I5GH" ignored="0" name="Command line test" tests="2" failures="0" timestamp="2021-09-22T01:25:20 IST" time="0.882" errors="0">
  <testcase name="TC_appregistration_negativeflow" time="0.0" classname="com.mousiki.testscripts.Register">
    <skipped/>
  </testcase> <!-- TC_appregistration_negativeflow -->
  <testcase name="TC_appregistration_positiveflow" time="0.0" classname="com.mousiki.testscripts.Register">
    <skipped/>
  </testcase> <!-- TC_appregistration_positiveflow -->
</testsuite> <!-- Command line test -->
